Test Cases/Passerelle Bilan H Bilan French IFRS/Passerelle Bilan H Bilan French IFRS
‚ùó Mandatory failure
‚û°Ô∏è java.lang.IllegalArgumentException: Invalid key code
üìç Passerelle Bilan H Bilan French IFRS : line 44
‚è± Duration: 4m 54s 217ms

üîç See full error log

Test Cases/Passerelle Bilan H Bilan French IFRS/Passerelle Bilan H Bilan French IFRS FAILED.
Reason:
java.lang.IllegalArgumentException: Invalid key code
	at java_awt_Robot$keyPress.call(Unknown Source)
	at general.Common.typeChar(Common.groovy:131)
	at general.Common$typeChar$2.callCurrent(Unknown Source)
	at general.Common.typeText(Common.groovy:118)
	at general.Common$typeText$1.callCurrent(Unknown Source)
	at general.Common.importFile(Common.groovy:73)
	at general.Common$importFile.call(Unknown Source)
	at general.Table.AjouterUnFichierJustificatif(Table.groovy:46)
	at general.Table$AjouterUnFichierJustificatif.call(Unknown Source)
	at Passerelle Bilan H Bilan French IFRS.run(Passerelle Bilan H Bilan French IFRS:44)
	at com.kms.katalon.core.main.ScriptEngine.run(ScriptEngine.java:194)
	at com.kms.katalon.core.main.ScriptEngine.runScriptAsRawText(ScriptEngine.java:119)
	at com.kms.katalon.core.main.TestCaseExecutor.runScript(TestCaseExecutor.java:430)
	at com.kms.katalon.core.main.TestCaseExecutor.doExecute(TestCaseExecutor.java:421)
	at com.kms.katalon.core.main.TestCaseExecutor.processExecutionPhase(TestCaseExecutor.java:400)
	at com.kms.katalon.core.main.TestCaseExecutor.accessMainPhase(TestCaseExecutor.java:392)
	at com.kms.katalon.core.main.TestCaseExecutor.execute(TestCaseExecutor.java:273)
	at com.kms.katalon.core.main.TestSuiteExecutor.accessTestCaseMainPhase(TestSuiteExecutor.java:202)
	at com.kms.katalon.core.main.TestSuiteExecutor.accessTestSuiteMainPhase(TestSuiteExecutor.java:164)
	at com.kms.katalon.core.main.TestSuiteExecutor.execute(TestSuiteExecutor.java:105)
	at com.kms.katalon.core.main.TestCaseMain.startTestSuite(TestCaseMain.java:185)
	at com.kms.katalon.core.main.TestCaseMain$startTestSuite$0.call(Unknown Source)
	at TempTestSuite1768494972437.run(TempTestSuite1768494972437.groovy:36)
